Log file open, 02/12/15 17:17:02
LogInit:Display: Running engine for game: MyPaper2DGame
LogInit: Version: 4.7.0-2437476+++depot+UE4-Releases+4.7
LogInit: API Version: 2437476
LogInit: Compiled (64-bit): Feb  8 2015 23:34:56
LogInit: Compiled with Visual C++: 18.00.21005.01
LogInit: Build Configuration: Development
LogInit: Branch Name: ++depot+UE4-Releases+4.7
LogInit: Command line:  
LogInit: Base directory: C:/Program Files/Unreal Engine/4.7/Engine/Binaries/Win64/
LogInit: Rocket: 1
[2015.02.13-03.17.02:335][  0]LogTaskGraph: Started task graph with 3 named threads and 6 total threads.
[2015.02.13-03.17.02:401][  0]LogOnline:Warning: No default platform service specified for OnlineSubsystem
[2015.02.13-03.17.02:444][  0]LogInit: Presizing for 0 objects not considered by GC, pre-allocating 0 bytes.
[2015.02.13-03.17.02:454][  0]LogInit: Object subsystem initialized
[2015.02.13-03.17.02:456][  0]LogConsoleResponse:Warning: Skipping Unknown console variable: 'UIScaleRule = ShortestSide'
[2015.02.13-03.17.02:456][  0]LogConsoleResponse:Warning:   Found in ini file 'C:/Users/Sammy/Documents/Unreal Projects/MyPaper2DGame 4.7/Saved/Config/Windows/Engine.ini', in section '[/Script/Engine.RendererSettings]'
[2015.02.13-03.17.02:456][  0]LogConsoleResponse:Warning: Skipping Unknown console variable: 'UIScaleCurve = (EditorCurveData=(Keys=),ExternalCurve=None)'
[2015.02.13-03.17.02:456][  0]LogConsoleResponse:Warning:   Found in ini file 'C:/Users/Sammy/Documents/Unreal Projects/MyPaper2DGame 4.7/Saved/Config/Windows/Engine.ini', in section '[/Script/Engine.RendererSettings]'
[2015.02.13-03.17.02:456][  0]LogConsoleManager:Warning: Console variable 'r.MSAA.CompositingSampleCount' wasn't set (Priority ProjectSetting < Scalability)
[2015.02.13-03.17.02:456][  0]LogInit: Selected Device Profile: [Windows]
[2015.02.13-03.17.02:456][  0]LogInit: Applying CVar settings loaded from the selected device profile: [Windows]
[2015.02.13-03.17.02:467][  0]LogInit: Computer: SAMMYK
[2015.02.13-03.17.02:467][  0]LogInit: User: Sammy
[2015.02.13-03.17.02:467][  0]LogInit: CPU Page size=4096, Cores=4
[2015.02.13-03.17.02:467][  0]LogInit: High frequency timer resolution =2.338450 MHz
[2015.02.13-03.17.02:467][  0]LogMemory: Memory total: Physical=7.9GB (8GB approx) Virtual=131072.0GB
[2015.02.13-03.17.02:467][  0]LogMemory: Platform Memory Stats for Windows
[2015.02.13-03.17.02:467][  0]LogMemory: Process Physical Memory: 46.04 MB used, 46.04 MB peak
[2015.02.13-03.17.02:467][  0]LogMemory: Process Virtual Memory: 26.38 MB used, 26.39 MB peak
[2015.02.13-03.17.02:467][  0]LogMemory: Physical Memory: 3322.65 MB used, 8057.77 MB total
[2015.02.13-03.17.02:467][  0]LogMemory: Virtual Memory: 289.85 MB used, 134217728.00 MB total
[2015.02.13-03.17.02:605][  0]LogD3D11RHI: Found D3D11 adapter 0: Intel(R) HD Graphics 4000 (Feature Level 11_0)
[2015.02.13-03.17.02:605][  0]LogD3D11RHI: Adapter has 32MB of dedicated video memory, 0MB of dedicated system memory, and 1760MB of shared system memory, 1 output[s]
[2015.02.13-03.17.02:621][  0]LogD3D11RHI: Found D3D11 adapter 1: NVIDIA GeForce GTX 660M (Feature Level 11_0)
[2015.02.13-03.17.02:621][  0]LogD3D11RHI: Adapter has 1986MB of dedicated video memory, 0MB of dedicated system memory, and 2048MB of shared system memory, 0 output[s]
[2015.02.13-03.17.02:622][  0]LogD3D11RHI: Found D3D11 adapter 2: Microsoft Basic Render Driver (Feature Level 11_0)
[2015.02.13-03.17.02:622][  0]LogD3D11RHI: Adapter has 0MB of dedicated video memory, 0MB of dedicated system memory, and 256MB of shared system memory, 0 output[s]
[2015.02.13-03.17.02:622][  0]LogD3D11RHI: Chosen D3D11 Adapter Id = 0
[2015.02.13-03.17.02:627][  0]LogRHI: Texture pool is 1361 MB (70% of 1945 MB)
[2015.02.13-03.17.02:639][  0]LogD3D11RHI: Async texture creation enabled
[2015.02.13-03.17.02:837][  0]LogTextLocalizationManager: The requested culture ('en_US') has no localization data; parent culture's ('en') localization data will be used.
[2015.02.13-03.17.02:978][  0]LogContentStreaming: Texture pool size is 0.000000MB
[2015.02.13-03.17.06:243][  0]LogTargetPlatformManager:Display: Building Assets For Windows
[2015.02.13-03.17.07:154][  0]LogTargetPlatformManager:Display: Building Assets For Windows
[2015.02.13-03.17.07:269][  0]LogDerivedDataCache:Display: Max Cache Size: 512 MB
[2015.02.13-03.17.07:311][  0]LogDerivedDataCache: Loaded boot cache 0.04s 39MB C:/Users/Sammy/AppData/Local/UnrealEngine/4.7/DerivedDataCache/Boot.ddc.
[2015.02.13-03.17.07:311][  0]LogDerivedDataCache:Display: Loaded Boot cache: C:/Users/Sammy/AppData/Local/UnrealEngine/4.7/DerivedDataCache/Boot.ddc
[2015.02.13-03.17.07:311][  0]LogDerivedDataCache: FDerivedDataBackendGraph:  Pak pak cache file ../../../../../../Users/Sammy/Documents/Unreal Projects/MyPaper2DGame 4.7/DerivedDataCache/DDC.ddp not found, will not use a pak cache.
[2015.02.13-03.17.07:311][  0]LogDerivedDataCache: Unable to find inner node Pak for hierarchical cache Hierarchy.
[2015.02.13-03.17.07:438][  0]LogDerivedDataCache:Display: Pak cache opened for reading ../../../Engine/DerivedDataCache/DDC.ddp.
[2015.02.13-03.17.07:451][  0]LogDerivedDataCache: Using Local data cache path C:/Users/Sammy/AppData/Local/UnrealEngine/Common/DerivedDataCache: Writable
[2015.02.13-03.17.07:863][  0]LogMeshUtilities: No automatic mesh reduction module available
[2015.02.13-03.17.07:863][  0]LogMeshUtilities: No automatic mesh merging module available
[2015.02.13-03.17.08:458][  0]LogInit: WinSock: version 1.1 (2.2), MaxSocks=32767, MaxUdp=65467
[2015.02.13-03.17.08:646][  0]LogSlate:Warning: Failed to load font data from '../../../Engine/Content/Slate/Fonts/Roboto-Italic.ttf'
[2015.02.13-03.17.10:142][  0]UdpMessaging: Initializing bridge on interface 0.0.0.0:0 to multicast group 230.0.0.1:6666.
[2015.02.13-03.17.10:620][  0]SourceControl: Info Source control is disabled
[2015.02.13-03.17.10:620][  0]SourceControl: Info Source control is disabled
[2015.02.13-03.17.10:620][  0]SourceControl: Info Source control is disabled
[2015.02.13-03.17.10:620][  0]LogSourceControl: RunCommandInternalRaw: 'git version'
[2015.02.13-03.17.10:620][  0]LogSourceControl: RunCommandInternalRaw: ExecProcess ReturnCode=2 OutResults=''
[2015.02.13-03.17.10:641][  0]SourceControl: Info Source control is disabled
[2015.02.13-03.17.11:124][  0]LogObj: 24218 objects as part of root set at end of initial load.
[2015.02.13-03.17.11:124][  0]LogUObjectAllocator: 5135760 out of 0 bytes used by permanent object pool.
[2015.02.13-03.17.11:255][  0]LogEngine: Initializing Engine...
[2015.02.13-03.17.13:439][  0]LogInit: XAudio2 using 'Speakers (Realtek High Definition Audio)' : 2 channels at 48 kHz using 32 bits per sample (channel mask 0x3)
[2015.02.13-03.17.13:450][  0]LogInit: FAudioDevice initialized.
[2015.02.13-03.17.13:531][  0]LogAIModule: Creating AISystem for world NewWorld
[2015.02.13-03.17.13:551][  0]LogDerivedDataCache: Saved boot cache 0.02s 39MB C:/Users/Sammy/AppData/Local/UnrealEngine/4.7/DerivedDataCache/Boot.ddc.
[2015.02.13-03.17.13:553][  0]LogInit: Texture streaming: Enabled
[2015.02.13-03.17.13:704][  0]LogAnalytics: Creating configured Analytics provider AnalyticsET
[2015.02.13-03.17.13:704][  0]LogAnalytics: ET APIKey = Rocket.Release. APIServer = http://et2.epicgames.com/ET2/. AppVersion = 4.7.0-2437476+++depot+UE4-Releases+4.7
[2015.02.13-03.17.13:704][  0]LogAnalytics: ET APIKey = Rocket.Release. DataRouterUploadURL = https://datarouter-public-service-gamedev.ol.epicgames.net/datarouter/api/v1/public/data. AppVersion = 4.7.0-2437476+++depot+UE4-Releases+4.7
[2015.02.13-03.17.13:704][  0]LogAnalytics: SetUserId 53a242a54af00e47af6ac2995e4a18dc|884e67b8b1644c2aa35b0f276fef7fb8|28958f81-97f4-4f88-a2ad-35b1187e7cf0
[2015.02.13-03.17.13:705][  0]LogAnalytics: AnalyticsET::StartSession [Rocket.Release]
[2015.02.13-03.17.14:105][  0]LogInit: Transaction tracking system initialized
[2015.02.13-03.17.14:529][  0]BlueprintLog: New page: Editor Load
[2015.02.13-03.17.14:597][  0]LogAssetRegistry: FAssetRegistry took 0.0106 seconds to start up
[2015.02.13-03.17.14:598][  0]LogDirectoryWatcher:Warning: Failed to begin reading directory changes for ../../../Engine/Plugins/Experimental/CharacterAI/Content/. Error: 0
[2015.02.13-03.17.15:574][  0]LogTargetPlatformManager:Display: Building Assets For Windows
[2015.02.13-03.17.16:073][  0]LogTargetPlatformManager:Display: Building Assets For Windows
[2015.02.13-03.17.16:679][  0]LogSlate:Warning: Failed to load font data from '../../../Engine/Content/Editor/Slate/Fonts/Roboto-Regular.ttf'
[2015.02.13-03.17.16:680][  0]LogSlate:Warning: Failed to load font data from '../../../Engine/Content/Editor/Slate/Fonts/Roboto-Bold.ttf'
[2015.02.13-03.17.16:689][  0]LogConsoleResponse:Display: 
[2015.02.13-03.17.16:896][  0]LogCook:Display: Done creating registry. It took  0.00s.
[2015.02.13-03.17.17:270][  0]SourceControl: Info Source control is disabled
[2015.02.13-03.17.17:270][  0]Cmd: MAP LOAD FILE="../../../../../../Users/Sammy/Documents/Unreal Projects/MyPaper2DGame 4.7/Content/My2DMap.umap" TEMPLATE=0 SHOWPROGRESS=1 FEATURELEVEL=3
[2015.02.13-03.17.17:271][  0]LightingResults: New page: Lighting Build
[2015.02.13-03.17.17:296][  0]MapCheck: New page: Map Check
[2015.02.13-03.17.17:296][  0]LightingResults: New page: Lighting Build
[2015.02.13-03.17.17:303][  0]LogParticles: Destroying 0 GPU particle simulations for FXSystem 0x00000012AD7B49A0
[2015.02.13-03.17.21:480][  0]LogEditorServer: Finished looking for orphan Actors (0.000 secs)
[2015.02.13-03.17.21:480][  0]LogAIModule: Creating AISystem for world My2DMap
[2015.02.13-03.17.21:480][  0]Cmd: MAP CHECKDEP
[2015.02.13-03.17.21:480][  0]MapCheck: New page: My2DMap - Feb 12, 2015, 7:17:21 AM
[2015.02.13-03.17.21:821][  0]MapCheck: Info Map check complete: 0 Error(s), 0 Warning(s), took 339.536ms to complete.
[2015.02.13-03.17.21:821][  0]LogFileHelpers: Loading map 'My2DMap' took 4.551
[2015.02.13-03.17.21:922][  0]LogCollectionManager: Loaded 0 collections in 0.002636 seconds
[2015.02.13-03.17.21:937][  0]LogContentBrowser: Native class hierarchy populated in 0.0145 seconds. Added 1696 classes and 261 folders.
[2015.02.13-03.17.22:069][  0]LogContentBrowser: Native class hierarchy updated for 'SceneOutliner' in 0.0065 seconds. Added 1 classes and 2 folders.
[2015.02.13-03.17.22:166][  0]LogCrashTracker: Crashtracker disabled due to settings.
[2015.02.13-03.17.22:168][  0]LogSlate:Warning: Failed to load font data from 'Veranda'
[2015.02.13-03.17.22:175][  0]LogUObjectGlobals:Warning: Failed to find object 'Class None.'
[2015.02.13-03.17.22:206][  0]LogLoad: Full Startup: 22.38 seconds (BP compile: 2.05 seconds)
[2015.02.13-03.17.22:731][  0]LogContentBrowser:Verbose: The content browser source was changed by the sources view to '/Game/Textures/Enviorments/Sprites'
[2015.02.13-03.17.22:873][  0]LogRenderer:Warning: Reallocating scene render targets to support 32x32 (Frame:2).
[2015.02.13-03.17.23:057][  0]LogRenderer:Warning: Reallocating scene render targets to support 680x616 (Frame:3).
[2015.02.13-03.17.25:247][  7]LogAssetRegistry: Asset discovery search completed in 10.6609 seconds
[2015.02.13-03.17.58:493][244]LogPlayLevel: PIE:  No blueprints needed recompiling
[2015.02.13-03.17.58:493][244]PIE: New page: PIE session: My2DMap (Feb 12, 2015, 7:17:58 AM)
[2015.02.13-03.17.58:496][244]LogPlayLevel: PIE: StaticDuplicateObject took: (0.002678s)
[2015.02.13-03.17.58:497][244]LogPlayLevel: PIE: World Init took: (0.000463s)
[2015.02.13-03.17.58:497][244]LogPlayLevel: PIE: Created PIE world by copying editor world from /Game/My2DMap.My2DMap to /Game/UEDPIE_0_My2DMap.My2DMap (0.003308s)
[2015.02.13-03.17.58:546][244]LogWorld: Game class is 'GameBlueprint_C'
[2015.02.13-03.17.58:549][244]LogAIModule: Creating AISystem for world My2DMap
[2015.02.13-03.17.58:571][244]LogWorld: Bringing World /Game/UEDPIE_0_My2DMap.My2DMap up for play (max tick rate 60) at 2015.02.12-17.17.58
[2015.02.13-03.17.58:612][244]LogWorld: Bringing up level for play took: 0.063173
[2015.02.13-03.17.58:622][244]PIE: Info Play in editor start time for /Game/UEDPIE_0_My2DMap 0.901
[2015.02.13-03.17.58:652][244]LogRenderer:Warning: Reallocating scene render targets to support 1296x728 (Frame:148).
[2015.02.13-03.19.14:215][184]LogParticles: Destroying 0 GPU particle simulations for FXSystem 0x00000012B679C180
[2015.02.13-03.19.17:097][354]LogPlayLevel: PIE:  No blueprints needed recompiling
[2015.02.13-03.19.17:097][354]PIE: New page: PIE session: My2DMap (Feb 12, 2015, 7:19:17 AM)
[2015.02.13-03.19.17:101][354]LogPlayLevel: PIE: StaticDuplicateObject took: (0.003349s)
[2015.02.13-03.19.17:101][354]LogPlayLevel: PIE: World Init took: (0.000564s)
[2015.02.13-03.19.17:102][354]LogPlayLevel: PIE: Created PIE world by copying editor world from /Game/My2DMap.My2DMap to /Game/UEDPIE_0_My2DMap.My2DMap (0.004090s)
[2015.02.13-03.19.17:140][354]LogWorld: Game class is 'GameBlueprint_C'
[2015.02.13-03.19.17:143][354]LogAIModule: Creating AISystem for world My2DMap
[2015.02.13-03.19.17:174][354]LogWorld: Bringing World /Game/UEDPIE_0_My2DMap.My2DMap up for play (max tick rate 60) at 2015.02.12-17.19.17
[2015.02.13-03.19.17:229][354]LogWorld: Bringing up level for play took: 0.084070
[2015.02.13-03.19.17:241][354]PIE: Info Play in editor start time for /Game/UEDPIE_0_My2DMap -0.481
[2015.02.13-03.19.44:981][746]LogParticles: Destroying 0 GPU particle simulations for FXSystem 0x00000012BCA2ACA0
[2015.02.13-03.20.18:326][745]LogPlayLevel: PIE:  No blueprints needed recompiling
[2015.02.13-03.20.18:326][745]PIE: New page: PIE session: My2DMap (Feb 12, 2015, 7:20:18 AM)
[2015.02.13-03.20.18:330][745]LogPlayLevel: PIE: StaticDuplicateObject took: (0.003333s)
[2015.02.13-03.20.18:331][745]LogPlayLevel: PIE: World Init took: (0.000588s)
[2015.02.13-03.20.18:331][745]LogPlayLevel: PIE: Created PIE world by copying editor world from /Game/My2DMap.My2DMap to /Game/UEDPIE_0_My2DMap.My2DMap (0.004097s)
[2015.02.13-03.20.18:369][745]LogWorld: Game class is 'GameBlueprint_C'
[2015.02.13-03.20.18:372][745]LogAIModule: Creating AISystem for world My2DMap
[2015.02.13-03.20.18:402][745]LogWorld: Bringing World /Game/UEDPIE_0_My2DMap.My2DMap up for play (max tick rate 60) at 2015.02.12-17.20.18
[2015.02.13-03.20.18:457][745]LogWorld: Bringing up level for play took: 0.084464
[2015.02.13-03.20.18:469][745]PIE: Info Play in editor start time for /Game/UEDPIE_0_My2DMap 0.747
[2015.02.13-03.21.09:830][306]LogParticles: Destroying 0 GPU particle simulations for FXSystem 0x00000012B808E0C0
[2015.02.13-03.21.18:639][805]LogContentBrowser:Verbose: The content browser source was changed by the sources view to '/Game/Textures/Enviorments'
[2015.02.13-03.29.57:705][309]LogFileHelpers: Editor autosave (incl. sublevels) for '/Game/My2DMap' took 0.013
[2015.02.13-03.30.25:227][253]LogPlayLevel: PIE:  No blueprints needed recompiling
[2015.02.13-03.30.25:227][253]PIE: New page: PIE session: My2DMap (Feb 12, 2015, 7:30:25 AM)
[2015.02.13-03.30.25:231][253]LogPlayLevel: PIE: StaticDuplicateObject took: (0.003775s)
[2015.02.13-03.30.25:232][253]LogPlayLevel: PIE: World Init took: (0.000619s)
[2015.02.13-03.30.25:232][253]LogPlayLevel: PIE: Created PIE world by copying editor world from /Game/My2DMap.My2DMap to /Game/UEDPIE_0_My2DMap.My2DMap (0.004586s)
[2015.02.13-03.30.25:273][253]LogWorld: Game class is 'GameBlueprint_C'
[2015.02.13-03.30.25:276][253]LogAIModule: Creating AISystem for world My2DMap
[2015.02.13-03.30.25:309][253]LogWorld: Bringing World /Game/UEDPIE_0_My2DMap.My2DMap up for play (max tick rate 60) at 2015.02.12-17.30.25
[2015.02.13-03.30.25:367][253]LogWorld: Bringing up level for play took: 0.090241
[2015.02.13-03.30.25:380][253]PIE: Info Play in editor start time for /Game/UEDPIE_0_My2DMap -0.342
[2015.02.13-03.30.41:447][ 54]LogParticles: Destroying 0 GPU particle simulations for FXSystem 0x00000012C5FC71A0
[2015.02.13-03.30.45:774][310]LogEditorViewport: Clicking on Actor (LMB): StaticMeshActor (Cube)
[2015.02.13-03.31.05:834][371]LogUnrealMath: Expression Error : No value recognized
[2015.02.13-03.31.05:834][371]LogUnrealMath: Expression Error : Error in expression
[2015.02.13-03.31.05:834][371]LogUnrealMath: Expression Error : No value recognized
[2015.02.13-03.31.05:834][371]LogUnrealMath: Expression Error : Error in expression
[2015.02.13-03.31.39:423][340]LogEditorViewport: Clicking Background
[2015.02.13-03.31.41:286][442]LogPlayLevel: PIE:  No blueprints needed recompiling
[2015.02.13-03.31.41:286][442]PIE: New page: PIE session: My2DMap (Feb 12, 2015, 7:31:41 AM)
[2015.02.13-03.31.41:290][442]LogPlayLevel: PIE: StaticDuplicateObject took: (0.003580s)
[2015.02.13-03.31.41:291][442]LogPlayLevel: PIE: World Init took: (0.000638s)
[2015.02.13-03.31.41:291][442]LogPlayLevel: PIE: Created PIE world by copying editor world from /Game/My2DMap.My2DMap to /Game/UEDPIE_0_My2DMap.My2DMap (0.004412s)
[2015.02.13-03.31.41:335][442]LogWorld: Game class is 'GameBlueprint_C'
[2015.02.13-03.31.41:338][442]LogAIModule: Creating AISystem for world My2DMap
[2015.02.13-03.31.41:370][442]LogWorld: Bringing World /Game/UEDPIE_0_My2DMap.My2DMap up for play (max tick rate 60) at 2015.02.12-17.31.41
[2015.02.13-03.31.41:426][442]LogWorld: Bringing up level for play took: 0.087664
[2015.02.13-03.31.41:439][442]PIE: Info Play in editor start time for /Game/UEDPIE_0_My2DMap -0.283
[2015.02.13-03.32.05:411][653]LogParticles: Destroying 0 GPU particle simulations for FXSystem 0x00000012B542B4C0
[2015.02.13-03.35.47:209][625]LogContentBrowser:Verbose: The content browser source was changed by the sources view to '/Game/Textures/Enviorments/Sprites'
[2015.02.13-03.36.35:066][312]LogEditorViewport: Clicking on Actor (LMB): PaperSpriteActor (layer-1-sky_Sprite)
[2015.02.13-03.36.36:004][366]LogEditorViewport: Clicking on Actor (LMB): PaperSpriteActor (platform_horizontal_ledge_corner_left_rise_01a_al1_0_Sprite2)
[2015.02.13-03.36.40:079][549]LogPlayLevel: PIE:  No blueprints needed recompiling
[2015.02.13-03.36.40:079][549]PIE: New page: PIE session: My2DMap (Feb 12, 2015, 7:36:40 AM)
[2015.02.13-03.36.40:083][549]LogPlayLevel: PIE: StaticDuplicateObject took: (0.003553s)
[2015.02.13-03.36.40:084][549]LogPlayLevel: PIE: World Init took: (0.000590s)
[2015.02.13-03.36.40:084][549]LogPlayLevel: PIE: Created PIE world by copying editor world from /Game/My2DMap.My2DMap to /Game/UEDPIE_0_My2DMap.My2DMap (0.004319s)
[2015.02.13-03.36.40:120][549]LogWorld: Game class is 'GameBlueprint_C'
[2015.02.13-03.36.40:123][549]LogAIModule: Creating AISystem for world My2DMap
[2015.02.13-03.36.40:154][549]LogWorld: Bringing World /Game/UEDPIE_0_My2DMap.My2DMap up for play (max tick rate 60) at 2015.02.12-17.36.40
[2015.02.13-03.36.40:210][549]LogWorld: Bringing up level for play took: 0.085927
[2015.02.13-03.36.40:222][549]PIE: Info Play in editor start time for /Game/UEDPIE_0_My2DMap 0.501
[2015.02.13-03.36.46:852][873]LogParticles: Destroying 0 GPU particle simulations for FXSystem 0x00000012C8AF5C60
[2015.02.13-03.37.05:306][945]Cmd: OBJ SAVEPACKAGE PACKAGE="/Game/My2DMap" FILE="../../../../../../Users/Sammy/Documents/Unreal Projects/MyPaper2DGame 4.7/Content/My2DMap.umap" SILENT=true AUTOSAVING=false KEEPDIRTY=false
[2015.02.13-03.37.05:561][945]LogSavePackage: Save=112.743912ms
[2015.02.13-03.37.05:561][945]LogSavePackage: Moving '../../../../../../Users/Sammy/Documents/Unreal Projects/MyPaper2DGame 4.7/Saved/My2DMapD78B4D5E431E412465AF7CB0FFB37BE0.tmp' to '../../../../../../Users/Sammy/Documents/Unreal Projects/MyPaper2DGame 4.7/Content/My2DMap.umap'
[2015.02.13-03.37.05:621][945]LogFileHelpers: Saving map 'My2DMap' took 0.778
[2015.02.13-03.37.09:520][134]Cmd: QUIT_EDITOR
[2015.02.13-03.37.09:826][134]LogExit: Preparing to exit.
[2015.02.13-03.37.10:929][134]LogExit: Editor shut down
[2015.02.13-03.37.10:929][134]LogExit: Transaction tracking system shut down
[2015.02.13-03.37.10:933][134]LogParticles: Destroying 0 GPU particle simulations for FXSystem 0x00000012C18C9A80
[2015.02.13-03.37.10:933][134]LogParticles: Destroying 0 GPU particle simulations for FXSystem 0x00000012C6C9C860
[2015.02.13-03.37.10:933][134]LogParticles: Destroying 0 GPU particle simulations for FXSystem 0x00000012C702C5E0
[2015.02.13-03.37.10:958][134]LogParticles: Destroying 0 GPU particle simulations for FXSystem 0x00000012B5429F80
[2015.02.13-03.37.10:958][134]LogExit: Object subsystem successfully closed.
[2015.02.13-03.37.11:079][134]LogModuleManager: Shutting down and abandoning module CrashTracker (177)
[2015.02.13-03.37.11:079][134]LogModuleManager: Shutting down and abandoning module SuperSearch (176)
[2015.02.13-03.37.11:079][134]LogModuleManager: Shutting down and abandoning module SceneOutliner (175)
[2015.02.13-03.37.11:079][134]LogModuleManager: Shutting down and abandoning module EditorWidgets (174)
[2015.02.13-03.37.11:079][134]LogModuleManager: Shutting down and abandoning module CollectionManager (173)
[2015.02.13-03.37.11:079][134]LogModuleManager: Shutting down and abandoning module StatsViewer (172)
[2015.02.13-03.37.11:080][134]LogModuleManager: Shutting down and abandoning module FoliageEdit (171)
[2015.02.13-03.37.11:080][134]LogModuleManager: Shutting down and abandoning module LandscapeEditor (170)
[2015.02.13-03.37.11:080][134]LogModuleManager: Shutting down and abandoning module MeshPaint (169)
[2015.02.13-03.37.11:080][134]LogModuleManager: Shutting down and abandoning module ActorPickerMode (168)
[2015.02.13-03.37.11:080][134]LogModuleManager: Shutting down and abandoning module GeometryMode (167)
[2015.02.13-03.37.11:080][134]LogModuleManager: Shutting down and abandoning module TextureAlignMode (166)
[2015.02.13-03.37.11:080][134]LogModuleManager: Shutting down and abandoning module BspMode (165)
[2015.02.13-03.37.11:080][134]LogModuleManager: Shutting down and abandoning module PlacementMode (164)
[2015.02.13-03.37.11:080][134]LogModuleManager: Shutting down and abandoning module AutomationWorker (163)
[2015.02.13-03.37.11:080][134]LogModuleManager: Shutting down and abandoning module CharacterAI (162)
[2015.02.13-03.37.11:080][134]LogModuleManager: Shutting down and abandoning module SmartSnapping (161)
[2015.02.13-03.37.11:080][134]LogModuleManager: Shutting down and abandoning module ViewportSnapping (160)
[2015.02.13-03.37.11:080][134]LogModuleManager: Shutting down and abandoning module LogVisualizer (159)
[2015.02.13-03.37.11:080][134]LogModuleManager: Shutting down and abandoning module GameProjectGeneration (158)
[2015.02.13-03.37.11:080][134]LogModuleManager: Shutting down and abandoning module IntroTutorials (157)
[2015.02.13-03.37.11:080][134]LogModuleManager: Shutting down and abandoning module EditorLiveStreaming (156)
[2015.02.13-03.37.11:080][134]LogModuleManager: Shutting down and abandoning module HardwareTargeting (155)
[2015.02.13-03.37.11:080][134]LogModuleManager: Shutting down and abandoning module DeviceProfileEditor (154)
[2015.02.13-03.37.11:080][134]LogModuleManager: Shutting down and abandoning module UndoHistory (153)
[2015.02.13-03.37.11:080][134]LogModuleManager: Shutting down and abandoning module GameplayTagsEditor (152)
[2015.02.13-03.37.11:080][134]LogModuleManager: Shutting down and abandoning module UserFeedback (151)
[2015.02.13-03.37.11:080][134]LogModuleManager: Shutting down and abandoning module XmlParser (150)
[2015.02.13-03.37.11:080][134]LogModuleManager: Shutting down and abandoning module Blutility (149)
[2015.02.13-03.37.11:080][134]LogModuleManager: Shutting down and abandoning module IOSPlatformEditor (148)
[2015.02.13-03.37.11:080][134]LogModuleManager: Shutting down and abandoning module IOSRuntimeSettings (147)
[2015.02.13-03.37.11:080][134]LogModuleManager: Shutting down and abandoning module AndroidDeviceDetection (146)
[2015.02.13-03.37.11:916][134]LogModuleManager: Shutting down and abandoning module AndroidPlatformEditor (145)
[2015.02.13-03.37.11:916][134]LogModuleManager: Shutting down and abandoning module AndroidRuntimeSettings (144)
[2015.02.13-03.37.11:916][134]LogModuleManager: Shutting down and abandoning module ProjectTargetPlatformEditor (143)
[2015.02.13-03.37.11:916][134]LogModuleManager: Shutting down and abandoning module ProjectSettingsViewer (142)
[2015.02.13-03.37.11:916][134]LogModuleManager: Shutting down and abandoning module InputBindingEditor (141)
[2015.02.13-03.37.11:916][134]LogModuleManager: Shutting down and abandoning module EditorSettingsViewer (140)
[2015.02.13-03.37.11:916][134]LogModuleManager: Shutting down and abandoning module SettingsEditor (139)
[2015.02.13-03.37.11:916][134]LogModuleManager: Shutting down and abandoning module ProjectLauncher (138)
[2015.02.13-03.37.11:916][134]LogModuleManager: Shutting down and abandoning module SessionFrontend (137)
[2015.02.13-03.37.11:916][134]LogModuleManager: Shutting down and abandoning module ProfilerClient (136)
[2015.02.13-03.37.11:916][134]LogModuleManager: Shutting down and abandoning module TargetDeviceServices (135)
[2015.02.13-03.37.11:916][134]LogModuleManager: Shutting down and abandoning module DeviceManager (134)
[2015.02.13-03.37.11:916][134]LogModuleManager: Shutting down and abandoning module AutomationController (133)
[2015.02.13-03.37.11:916][134]LogModuleManager: Shutting down and abandoning module AutomationWindow (132)
[2015.02.13-03.37.11:917][134]LogModuleManager: Shutting down and abandoning module Layers (131)
[2015.02.13-03.37.11:917][134]LogModuleManager: Shutting down and abandoning module ComponentVisualizers (130)
[2015.02.13-03.37.11:917][134]LogModuleManager: Shutting down and abandoning module DetailCustomizations (129)
[2015.02.13-03.37.11:917][134]LogModuleManager: Shutting down and abandoning module PackagesDialog (128)
[2015.02.13-03.37.11:917][134]LogModuleManager: Shutting down and abandoning module AssetRegistry (127)
[2015.02.13-03.37.12:018][134]LogModuleManager: Shutting down and abandoning module Persona (126)
[2015.02.13-03.37.12:018][134]LogModuleManager: Shutting down and abandoning module SlateReflector (125)
[2015.02.13-03.37.12:018][134]LogModuleManager: Shutting down and abandoning module LevelEditor (124)
[2015.02.13-03.37.12:019][134]LogModuleManager: Shutting down and abandoning module Kismet (123)
[2015.02.13-03.37.12:019][134]LogModuleManager: Shutting down and abandoning module GraphEditor (122)
[2015.02.13-03.37.12:019][134]LogModuleManager: Shutting down and abandoning module ClassViewer (121)
[2015.02.13-03.37.12:019][134]LogModuleManager: Shutting down and abandoning module Toolbox (120)
[2015.02.13-03.37.12:019][134]LogModuleManager: Shutting down and abandoning module ModuleUI (119)
[2015.02.13-03.37.12:019][134]LogModuleManager: Shutting down and abandoning module MovieSceneTools (118)
[2015.02.13-03.37.12:019][134]LogModuleManager: Shutting down and abandoning module OutputLog (117)
[2015.02.13-03.37.12:019][134]LogModuleManager: Shutting down and abandoning module GammaUI (116)
[2015.02.13-03.37.12:019][134]LogModuleManager: Shutting down and abandoning module Documentation (115)
[2015.02.13-03.37.12:019][134]LogModuleManager: Shutting down and abandoning module GameLiveStreaming (114)
[2015.02.13-03.37.12:020][134]LogModuleManager: Shutting down and abandoning module StreamingPauseRendering (113)
[2015.02.13-03.37.12:020][134]LogModuleManager: Shutting down and abandoning module HTTP (112)
[2015.02.13-03.37.12:020][134]LogModuleManager: Shutting down and abandoning module AnalyticsET (111)
[2015.02.13-03.37.12:020][134]LogModuleManager: Shutting down and abandoning module Analytics (110)
[2015.02.13-03.37.12:020][134]LogModuleManager: Shutting down and abandoning module AITestSuite (109)
[2015.02.13-03.37.12:020][134]LogModuleManager: Shutting down and abandoning module GameplayDebugger (108)
[2015.02.13-03.37.12:020][134]LogModuleManager: Shutting down and abandoning module AIModule (107)
[2015.02.13-03.37.12:020][134]LogModuleManager: Shutting down and abandoning module ProfilerService (106)
[2015.02.13-03.37.12:244][134]LogModuleManager: Shutting down and abandoning module TaskGraph (105)
[2015.02.13-03.37.12:244][134]LogModuleManager: Shutting down and abandoning module SlateRemote (104)
[2015.02.13-03.37.12:244][134]LogModuleManager: Shutting down and abandoning module ScriptEditorPlugin (103)
[2015.02.13-03.37.12:244][134]LogModuleManager: Shutting down and abandoning module CustomMeshComponent (102)
[2015.02.13-03.37.12:244][134]LogModuleManager: Shutting down and abandoning module CableComponent (101)
[2015.02.13-03.37.12:244][134]LogModuleManager: Shutting down and abandoning module MessagingDebugger (100)
[2015.02.13-03.37.12:244][134]LogModuleManager: Shutting down and abandoning module MediaPlayerEditor (99)
[2015.02.13-03.37.12:244][134]LogModuleManager: Shutting down and abandoning module SpeedTreeImporter (98)
[2015.02.13-03.37.12:244][134]LogModuleManager: Shutting down and abandoning module PluginsEditor (97)
[2015.02.13-03.37.12:244][134]LogModuleManager: Shutting down and abandoning module MainFrame (96)
[2015.02.13-03.37.12:244][134]LogModuleManager: Shutting down and abandoning module EpicSurvey (95)
[2015.02.13-03.37.12:244][134]LogModuleManager: Shutting down and abandoning module DesktopPlatform (94)
[2015.02.13-03.37.12:244][134]LogModuleManager: Shutting down and abandoning module DirectoryWatcher (93)
[2015.02.13-03.37.12:244][134]LogModuleManager: Shutting down and abandoning module HotReload (92)
[2015.02.13-03.37.12:245][134]LogModuleManager: Shutting down and abandoning module VisualStudioSourceCodeAccess (91)
[2015.02.13-03.37.12:245][134]LogModuleManager: Shutting down and abandoning module UObjectPlugin (90)
[2015.02.13-03.37.12:245][134]LogModuleManager: Shutting down and abandoning module SubversionSourceControl (89)
[2015.02.13-03.37.12:245][134]LogModuleManager: Shutting down and abandoning module PerforceSourceControl (88)
[2015.02.13-03.37.12:245][134]LogModuleManager: Shutting down and abandoning module SourceControl (87)
[2015.02.13-03.37.12:245][134]LogModuleManager: Shutting down and abandoning module GitSourceControl (86)
[2015.02.13-03.37.12:245][134]LogModuleManager: Shutting down and abandoning module BlankPlugin (85)
[2015.02.13-03.37.12:245][134]LogModuleManager: Shutting down and abandoning module PaperTiledImporter (84)
[2015.02.13-03.37.12:245][134]LogModuleManager: Shutting down and abandoning module PaperJsonImporter (83)
[2015.02.13-03.37.12:245][134]LogModuleManager: Shutting down and abandoning module ContentBrowser (82)
[2015.02.13-03.37.12:245][134]LogModuleManager: Shutting down and abandoning module Paper2DEditor (81)
[2015.02.13-03.37.12:246][134]LogModuleManager: Shutting down and abandoning module ScriptPlugin (80)
[2015.02.13-03.37.12:246][134]LogModuleManager: Shutting down and abandoning module UdpMessaging (79)
[2015.02.13-03.37.12:346][134]LogModuleManager: Shutting down and abandoning module Paper2D (78)
[2015.02.13-03.37.12:346][134]LogModuleManager: Shutting down and abandoning module WindowsMoviePlayer (77)
[2015.02.13-03.37.12:348][134]LogModuleManager: Shutting down and abandoning module Media (76)
[2015.02.13-03.37.12:348][134]LogModuleManager: Shutting down and abandoning module WmfMedia (75)
[2015.02.13-03.37.12:348][134]LogModuleManager: Shutting down and abandoning module OnlineBlueprintSupport (74)
[2015.02.13-03.37.12:348][134]LogModuleManager: Shutting down and abandoning module PropertyEditor (73)
[2015.02.13-03.37.12:348][134]LogModuleManager: Shutting down and abandoning module BehaviorTreeEditor (72)
[2015.02.13-03.37.12:348][134]LogModuleManager: Shutting down and abandoning module FunctionalTesting (71)
[2015.02.13-03.37.12:348][134]LogModuleManager: Shutting down and abandoning module CollisionAnalyzer (70)
[2015.02.13-03.37.12:349][134]LogModuleManager: Shutting down and abandoning module WorkspaceMenuStructure (69)
[2015.02.13-03.37.12:349][134]LogModuleManager: Shutting down and abandoning module MessageLog (68)
[2015.02.13-03.37.12:349][134]LogModuleManager: Shutting down and abandoning module Sequencer (67)
[2015.02.13-03.37.12:349][134]LogModuleManager: Shutting down and abandoning module AssetTools (66)
[2015.02.13-03.37.12:349][134]LogModuleManager: Shutting down and abandoning module UMGEditor (65)
[2015.02.13-03.37.12:349][134]LogModuleManager: Shutting down and abandoning module UMG (64)
[2015.02.13-03.37.12:349][134]LogModuleManager: Shutting down and abandoning module Slate (63)
[2015.02.13-03.37.12:349][134]LogModuleManager: Shutting down and abandoning module EditorStyle (62)
[2015.02.13-03.37.12:360][134]LogModuleManager: Shutting down and abandoning module SessionServices (61)
[2015.02.13-03.37.12:360][134]LogModuleManager: Shutting down and abandoning module SourceCodeAccess (60)
[2015.02.13-03.37.12:360][134]LogModuleManager: Shutting down and abandoning module HeadMountedDisplay (59)
[2015.02.13-03.37.12:360][134]LogModuleManager: Shutting down and abandoning module XAudio2 (58)
[2015.02.13-03.37.12:360][134]LogModuleManager: Shutting down and abandoning module Networking (56)
[2015.02.13-03.37.12:360][134]LogModuleManager: Shutting down and abandoning module Core (55)
[2015.02.13-03.37.12:360][134]LogModuleManager: Shutting down and abandoning module KismetCompiler (54)
[2015.02.13-03.37.12:360][134]LogModuleManager: Shutting down and abandoning module PhysXFormats (53)
[2015.02.13-03.37.12:360][134]LogModuleManager: Shutting down and abandoning module MeshUtilities (52)
[2015.02.13-03.37.12:360][134]LogModuleManager: Shutting down and abandoning module DerivedDataCache (51)
[2015.02.13-03.37.12:384][134]LogDerivedDataCache: Shutdown
[2015.02.13-03.37.12:384][134]LogModuleManager: Shutting down and abandoning module ShaderFormatOpenGL (50)
[2015.02.13-03.37.12:384][134]LogModuleManager: Shutting down and abandoning module ShaderFormatD3D (49)
[2015.02.13-03.37.12:384][134]LogModuleManager: Shutting down and abandoning module MetalShaderFormat (48)
[2015.02.13-03.37.12:384][134]LogModuleManager: Shutting down and abandoning module TextureFormatUncompressed (47)
[2015.02.13-03.37.12:384][134]LogModuleManager: Shutting down and abandoning module TextureFormatPVR (46)
[2015.02.13-03.37.12:384][134]LogModuleManager: Shutting down and abandoning module TextureFormatIntelISPCTexComp (45)
[2015.02.13-03.37.12:384][134]LogModuleManager: Shutting down and abandoning module TextureFormatDXT (44)
[2015.02.13-03.37.12:384][134]LogModuleManager: Shutting down and abandoning module ImageWrapper (43)
[2015.02.13-03.37.12:384][134]LogModuleManager: Shutting down and abandoning module TextureFormatASTC (42)
[2015.02.13-03.37.12:384][134]LogModuleManager: Shutting down and abandoning module TextureFormatAndroid (41)
[2015.02.13-03.37.12:384][134]LogModuleManager: Shutting down and abandoning module AudioFormatOpus (40)
[2015.02.13-03.37.12:384][134]LogModuleManager: Shutting down and abandoning module AudioFormatOgg (39)
[2015.02.13-03.37.12:384][134]LogModuleManager: Shutting down and abandoning module AudioFormatADPCM (38)
[2015.02.13-03.37.12:384][134]LogModuleManager: Shutting down and abandoning module LinuxTargetPlatform (37)
[2015.02.13-03.37.12:384][134]LogModuleManager: Shutting down and abandoning module LinuxServerTargetPlatform (36)
[2015.02.13-03.37.12:384][134]LogModuleManager: Shutting down and abandoning module LinuxNoEditorTargetPlatform (35)
[2015.02.13-03.37.12:384][134]LogModuleManager: Shutting down and abandoning module Messaging (34)
[2015.02.13-03.37.12:384][134]LogModuleManager: Shutting down and abandoning module IOSTargetPlatform (33)
[2015.02.13-03.37.12:384][134]LogModuleManager: Shutting down and abandoning module HTML5TargetPlatform (32)
[2015.02.13-03.37.12:384][134]LogModuleManager: Shutting down and abandoning module Android_PVRTCTargetPlatform (31)
[2015.02.13-03.37.12:384][134]LogModuleManager: Shutting down and abandoning module Android_ETC2TargetPlatform (30)
[2015.02.13-03.37.12:384][134]LogModuleManager: Shutting down and abandoning module Android_ETC1TargetPlatform (29)
[2015.02.13-03.37.12:384][134]LogModuleManager: Shutting down and abandoning module Android_ES31TargetPlatform (28)
[2015.02.13-03.37.12:384][134]LogModuleManager: Shutting down and abandoning module Android_DXTTargetPlatform (27)
[2015.02.13-03.37.12:384][134]LogModuleManager: Shutting down and abandoning module Android_ATCTargetPlatform (26)
[2015.02.13-03.37.12:384][134]LogModuleManager: Shutting down and abandoning module AndroidTargetPlatform (25)
[2015.02.13-03.37.12:384][134]LogModuleManager: Shutting down and abandoning module WindowsTargetPlatform (24)
[2015.02.13-03.37.12:384][134]LogModuleManager: Shutting down and abandoning module WindowsServerTargetPlatform (23)
[2015.02.13-03.37.12:384][134]LogModuleManager: Shutting down and abandoning module WindowsNoEditorTargetPlatform (22)
[2015.02.13-03.37.12:384][134]LogModuleManager: Shutting down and abandoning module WindowsClientTargetPlatform (21)
[2015.02.13-03.37.12:384][134]LogModuleManager: Shutting down and abandoning module TargetPlatform (20)
[2015.02.13-03.37.12:384][134]LogModuleManager: Shutting down and abandoning module InputCore (19)
[2015.02.13-03.37.12:384][134]LogModuleManager: Shutting down and abandoning module Settings (18)
[2015.02.13-03.37.12:384][134]LogModuleManager: Shutting down and abandoning module OnlineSubsystem (16)
[2015.02.13-03.37.12:384][134]LogModuleManager: Shutting down and abandoning module OculusRift (15)
[2015.02.13-03.37.12:384][134]LogModuleManager: Shutting down and abandoning module ExampleDeviceProfileSelector (14)
[2015.02.13-03.37.12:384][134]LogModuleManager: Shutting down and abandoning module TextureCompressor (13)
[2015.02.13-03.37.12:385][134]LogModuleManager: Shutting down and abandoning module ShaderCore (12)
[2015.02.13-03.37.12:385][134]LogModuleManager: Shutting down and abandoning module Landscape (11)
[2015.02.13-03.37.12:385][134]LogModuleManager: Shutting down and abandoning module SlateRHIRenderer (10)
[2015.02.13-03.37.12:386][134]LogModuleManager: Shutting down and abandoning module OpenGLDrv (9)
[2015.02.13-03.37.12:386][134]LogModuleManager: Shutting down and abandoning module D3D11RHI (8)
[2015.02.13-03.37.12:386][134]LogModuleManager: Shutting down and abandoning module Renderer (7)
[2015.02.13-03.37.12:386][134]LogModuleManager: Shutting down and abandoning module Engine (6)
[2015.02.13-03.37.12:386][134]LogModuleManager: Shutting down and abandoning module CoreUObject (5)
[2015.02.13-03.37.12:386][134]LogModuleManager: Shutting down and abandoning module NetworkFile (4)
[2015.02.13-03.37.12:386][134]LogModuleManager: Shutting down and abandoning module StreamingFile (3)
[2015.02.13-03.37.12:386][134]LogModuleManager: Shutting down and abandoning module SandboxFile (2)
[2015.02.13-03.37.12:387][134]LogModuleManager: Shutting down and abandoning module PakFile (1)
[2015.02.13-03.37.12:387][134]LogExit: Exiting.
[2015.02.13-03.37.12:394][134]Log file closed, 02/12/15 17:37:12
