Log file open, 02/16/15 15:56:18
LogInit:Display: Running engine for game: MyPaper2DGame
LogInit: Version: 4.7.0-2440994+++depot+UE4-Releases+4.7
LogInit: API Version: 2440994
LogInit: Compiled (64-bit): Feb 10 2015 23:52:39
LogInit: Compiled with Visual C++: 18.00.21005.01
LogInit: Build Configuration: Development
LogInit: Branch Name: ++depot+UE4-Releases+4.7
LogInit: Command line: 
LogInit: Base directory: C:/Program Files/Unreal Engine/4.7/Engine/Binaries/Win64/
LogInit: Rocket: 1
[2015.02.17-01.56.18:889][  0]LogTaskGraph: Started task graph with 3 named threads and 6 total threads.
[2015.02.17-01.56.18:957][  0]LogOnline:Warning: No default platform service specified for OnlineSubsystem
[2015.02.17-01.56.19:001][  0]LogInit: Presizing for 0 objects not considered by GC, pre-allocating 0 bytes.
[2015.02.17-01.56.19:011][  0]LogInit: Object subsystem initialized
[2015.02.17-01.56.19:013][  0]LogConsoleResponse:Warning: Skipping Unknown console variable: 'UIScaleRule = ShortestSide'
[2015.02.17-01.56.19:013][  0]LogConsoleResponse:Warning:   Found in ini file 'C:/Users/Sammy/Documents/Unreal Projects/MyPaper2DGame 4.7/Saved/Config/Windows/Engine.ini', in section '[/Script/Engine.RendererSettings]'
[2015.02.17-01.56.19:013][  0]LogConsoleResponse:Warning: Skipping Unknown console variable: 'UIScaleCurve = (EditorCurveData=(Keys=),ExternalCurve=None)'
[2015.02.17-01.56.19:013][  0]LogConsoleResponse:Warning:   Found in ini file 'C:/Users/Sammy/Documents/Unreal Projects/MyPaper2DGame 4.7/Saved/Config/Windows/Engine.ini', in section '[/Script/Engine.RendererSettings]'
[2015.02.17-01.56.19:013][  0]LogConsoleManager:Warning: Console variable 'r.MSAA.CompositingSampleCount' wasn't set (Priority ProjectSetting < Scalability)
[2015.02.17-01.56.19:013][  0]LogInit: Selected Device Profile: [Windows]
[2015.02.17-01.56.19:013][  0]LogInit: Applying CVar settings loaded from the selected device profile: [Windows]
[2015.02.17-01.56.19:033][  0]LogInit: Computer: SAMMYK
[2015.02.17-01.56.19:033][  0]LogInit: User: Sammy
[2015.02.17-01.56.19:033][  0]LogInit: CPU Page size=4096, Cores=4
[2015.02.17-01.56.19:033][  0]LogInit: High frequency timer resolution =2.338450 MHz
[2015.02.17-01.56.19:033][  0]LogMemory: Memory total: Physical=7.9GB (8GB approx) Virtual=131072.0GB
[2015.02.17-01.56.19:033][  0]LogMemory: Platform Memory Stats for Windows
[2015.02.17-01.56.19:033][  0]LogMemory: Process Physical Memory: 45.93 MB used, 45.93 MB peak
[2015.02.17-01.56.19:033][  0]LogMemory: Process Virtual Memory: 26.44 MB used, 26.45 MB peak
[2015.02.17-01.56.19:033][  0]LogMemory: Physical Memory: 2828.11 MB used, 8057.77 MB total
[2015.02.17-01.56.19:033][  0]LogMemory: Virtual Memory: 290.95 MB used, 134217728.00 MB total
[2015.02.17-01.56.19:167][  0]LogD3D11RHI: Found D3D11 adapter 0: Intel(R) HD Graphics 4000 (Feature Level 11_0)
[2015.02.17-01.56.19:167][  0]LogD3D11RHI: Adapter has 32MB of dedicated video memory, 0MB of dedicated system memory, and 1760MB of shared system memory, 1 output[s]
[2015.02.17-01.56.19:181][  0]LogD3D11RHI: Found D3D11 adapter 1: NVIDIA GeForce GTX 660M (Feature Level 11_0)
[2015.02.17-01.56.19:181][  0]LogD3D11RHI: Adapter has 1986MB of dedicated video memory, 0MB of dedicated system memory, and 2048MB of shared system memory, 0 output[s]
[2015.02.17-01.56.19:183][  0]LogD3D11RHI: Found D3D11 adapter 2: Microsoft Basic Render Driver (Feature Level 11_0)
[2015.02.17-01.56.19:183][  0]LogD3D11RHI: Adapter has 0MB of dedicated video memory, 0MB of dedicated system memory, and 256MB of shared system memory, 0 output[s]
[2015.02.17-01.56.19:183][  0]LogD3D11RHI: Chosen D3D11 Adapter Id = 0
[2015.02.17-01.56.19:187][  0]LogRHI: Texture pool is 1361 MB (70% of 1945 MB)
[2015.02.17-01.56.19:199][  0]LogD3D11RHI: Async texture creation enabled
[2015.02.17-01.56.19:397][  0]LogTextLocalizationManager: The requested culture ('en_US') has no localization data; parent culture's ('en') localization data will be used.
[2015.02.17-01.56.19:549][  0]LogContentStreaming: Texture pool size is 0.000000MB
[2015.02.17-01.56.22:517][  0]LogTargetPlatformManager:Display: Building Assets For Windows
[2015.02.17-01.56.23:429][  0]LogTargetPlatformManager:Display: Building Assets For Windows
[2015.02.17-01.56.23:544][  0]LogDerivedDataCache:Display: Max Cache Size: 512 MB
[2015.02.17-01.56.23:579][  0]LogDerivedDataCache: Loaded boot cache 0.03s 40MB C:/Users/Sammy/AppData/Local/UnrealEngine/4.7/DerivedDataCache/Boot.ddc.
[2015.02.17-01.56.23:579][  0]LogDerivedDataCache:Display: Loaded Boot cache: C:/Users/Sammy/AppData/Local/UnrealEngine/4.7/DerivedDataCache/Boot.ddc
[2015.02.17-01.56.23:579][  0]LogDerivedDataCache: FDerivedDataBackendGraph:  Pak pak cache file ../../../../../../Users/Sammy/Documents/Unreal Projects/MyPaper2DGame 4.7/DerivedDataCache/DDC.ddp not found, will not use a pak cache.
[2015.02.17-01.56.23:579][  0]LogDerivedDataCache: Unable to find inner node Pak for hierarchical cache Hierarchy.
[2015.02.17-01.56.23:706][  0]LogDerivedDataCache:Display: Pak cache opened for reading ../../../Engine/DerivedDataCache/DDC.ddp.
[2015.02.17-01.56.23:719][  0]LogDerivedDataCache: Using Local data cache path C:/Users/Sammy/AppData/Local/UnrealEngine/Common/DerivedDataCache: Writable
[2015.02.17-01.56.24:136][  0]LogMeshUtilities: No automatic mesh reduction module available
[2015.02.17-01.56.24:136][  0]LogMeshUtilities: No automatic mesh merging module available
[2015.02.17-01.56.24:700][  0]LogInit: WinSock: version 1.1 (2.2), MaxSocks=32767, MaxUdp=65467
[2015.02.17-01.56.24:937][  0]LogSlate:Warning: Failed to load font data from '../../../Engine/Content/Slate/Fonts/Roboto-Italic.ttf'
[2015.02.17-01.56.26:472][  0]UdpMessaging: Initializing bridge on interface 0.0.0.0:0 to multicast group 230.0.0.1:6666.
[2015.02.17-01.56.26:974][  0]SourceControl: Info Source control is disabled
[2015.02.17-01.56.26:974][  0]SourceControl: Info Source control is disabled
[2015.02.17-01.56.26:974][  0]SourceControl: Info Source control is disabled
[2015.02.17-01.56.26:974][  0]LogSourceControl: RunCommandInternalRaw: 'git version'
[2015.02.17-01.56.26:975][  0]LogSourceControl: RunCommandInternalRaw: ExecProcess ReturnCode=2 OutResults=''
[2015.02.17-01.56.26:996][  0]SourceControl: Info Source control is disabled
[2015.02.17-01.56.27:485][  0]LogObj: 24223 objects as part of root set at end of initial load.
[2015.02.17-01.56.27:485][  0]LogUObjectAllocator: 5135184 out of 0 bytes used by permanent object pool.
[2015.02.17-01.56.27:618][  0]LogEngine: Initializing Engine...
[2015.02.17-01.56.30:807][  0]LogInit: XAudio2 using 'Speakers (Realtek High Definition Audio)' : 2 channels at 48 kHz using 32 bits per sample (channel mask 0x3)
[2015.02.17-01.56.30:817][  0]LogInit: FAudioDevice initialized.
[2015.02.17-01.56.30:900][  0]LogAIModule: Creating AISystem for world NewWorld
[2015.02.17-01.56.30:923][  0]LogDerivedDataCache: Saved boot cache 0.02s 40MB C:/Users/Sammy/AppData/Local/UnrealEngine/4.7/DerivedDataCache/Boot.ddc.
[2015.02.17-01.56.30:926][  0]LogInit: Texture streaming: Enabled
[2015.02.17-01.56.31:082][  0]LogAnalytics: Creating configured Analytics provider AnalyticsET
[2015.02.17-01.56.31:082][  0]LogAnalytics: ET APIKey = Rocket.Release. APIServer = http://et2.epicgames.com/ET2/. AppVersion = 4.7.0-2440994+++depot+UE4-Releases+4.7
[2015.02.17-01.56.31:082][  0]LogAnalytics: ET APIKey = Rocket.Release. DataRouterUploadURL = https://datarouter-public-service-gamedev.ol.epicgames.net/datarouter/api/v1/public/data. AppVersion = 4.7.0-2440994+++depot+UE4-Releases+4.7
[2015.02.17-01.56.31:082][  0]LogAnalytics: SetUserId 53a242a54af00e47af6ac2995e4a18dc|884e67b8b1644c2aa35b0f276fef7fb8|28958f81-97f4-4f88-a2ad-35b1187e7cf0
[2015.02.17-01.56.31:083][  0]LogAnalytics: AnalyticsET::StartSession [Rocket.Release]
[2015.02.17-01.56.31:167][  0]LogInit: Transaction tracking system initialized
[2015.02.17-01.56.31:602][  0]BlueprintLog: New page: Editor Load
[2015.02.17-01.56.31:670][  0]LogAssetRegistry: FAssetRegistry took 0.0103 seconds to start up
[2015.02.17-01.56.31:671][  0]LogDirectoryWatcher:Warning: Failed to begin reading directory changes for ../../../Engine/Plugins/Experimental/CharacterAI/Content/. Error: 0
[2015.02.17-01.56.32:650][  0]LogTargetPlatformManager:Display: Building Assets For Windows
[2015.02.17-01.56.33:150][  0]LogTargetPlatformManager:Display: Building Assets For Windows
[2015.02.17-01.56.33:783][  0]LogSlate:Warning: Failed to load font data from '../../../Engine/Content/Editor/Slate/Fonts/Roboto-Regular.ttf'
[2015.02.17-01.56.33:784][  0]LogSlate:Warning: Failed to load font data from '../../../Engine/Content/Editor/Slate/Fonts/Roboto-Bold.ttf'
[2015.02.17-01.56.33:791][  0]LogConsoleResponse:Display: 
[2015.02.17-01.56.34:131][  0]LogCook:Display: Done creating registry. It took  0.00s.
[2015.02.17-01.56.34:514][  0]SourceControl: Info Source control is disabled
[2015.02.17-01.56.34:514][  0]Cmd: MAP LOAD FILE="../../../../../../Users/Sammy/Documents/Unreal Projects/MyPaper2DGame 4.7/Content/My2DMap.umap" TEMPLATE=0 SHOWPROGRESS=1 FEATURELEVEL=3
[2015.02.17-01.56.34:572][  0]LightingResults: New page: Lighting Build
[2015.02.17-01.56.34:598][  0]MapCheck: New page: Map Check
[2015.02.17-01.56.34:598][  0]LightingResults: New page: Lighting Build
[2015.02.17-01.56.34:609][  0]LogParticles: Destroying 0 GPU particle simulations for FXSystem 0x000000B673FEFB00
[2015.02.17-01.56.48:026][  0]LogPhysics:Warning: Failed to cook convex: /Game/Textures/Enviorments/Sprites/platform_horizontal_ledge_mountaineering_01a_al1_0_Sprite.platform_horizontal_ledge_mountaineering_01a_al1_0_Sprite 69 (FlipX:1). The remaining elements will not get cooked.
[2015.02.17-01.56.48:077][  0]LogEditorServer: Finished looking for orphan Actors (0.000 secs)
[2015.02.17-01.56.48:077][  0]LogAIModule: Creating AISystem for world My2DMap
[2015.02.17-01.56.48:077][  0]Cmd: MAP CHECKDEP
[2015.02.17-01.56.48:078][  0]MapCheck: New page: My2DMap - Feb 16, 2015, 5:56:48 AM
[2015.02.17-01.56.48:413][  0]MapCheck: Info Map check complete: 0 Error(s), 0 Warning(s), took 335.524ms to complete.
[2015.02.17-01.56.48:413][  0]LogFileHelpers: Loading map 'My2DMap' took 13.900
[2015.02.17-01.56.48:603][  0]LogCollectionManager: Loaded 0 collections in 0.002693 seconds
[2015.02.17-01.56.48:619][  0]LogContentBrowser: Native class hierarchy populated in 0.0155 seconds. Added 1696 classes and 261 folders.
[2015.02.17-01.56.48:931][  0]LogContentBrowser: Native class hierarchy updated for 'SceneOutliner' in 0.0064 seconds. Added 1 classes and 2 folders.
[2015.02.17-01.56.49:266][  0]LogCrashTracker: Crashtracker disabled due to settings.
[2015.02.17-01.56.49:268][  0]LogSlate:Warning: Failed to load font data from 'Veranda'
[2015.02.17-01.56.49:277][  0]LogUObjectGlobals:Warning: Failed to find object 'Class None.'
[2015.02.17-01.56.49:307][  0]LogLoad: Full Startup: 33.58 seconds (BP compile: 2.06 seconds)
[2015.02.17-01.56.49:836][  0]LogContentBrowser:Verbose: The content browser source was changed by the sources view to '/Game/Textures'
[2015.02.17-01.56.50:196][  0]LogRenderer:Warning: Reallocating scene render targets to support 32x32 (Frame:2).
[2015.02.17-01.56.50:562][  0]LogRenderer:Warning: Reallocating scene render targets to support 680x616 (Frame:3).
[2015.02.17-01.56.52:762][  7]LogAssetRegistry: Asset discovery search completed in 21.1035 seconds
[2015.02.17-01.58.37:641][513]LogPlayLevel: PIE:  No blueprints needed recompiling
[2015.02.17-01.58.37:641][513]PIE: New page: PIE session: My2DMap (Feb 16, 2015, 5:58:37 AM)
[2015.02.17-01.58.37:644][513]LogPlayLevel: PIE: StaticDuplicateObject took: (0.002865s)
[2015.02.17-01.58.37:645][513]LogPlayLevel: PIE: World Init took: (0.000474s)
[2015.02.17-01.58.37:645][513]LogPlayLevel: PIE: Created PIE world by copying editor world from /Game/My2DMap.My2DMap to /Game/UEDPIE_0_My2DMap.My2DMap (0.003513s)
[2015.02.17-01.58.37:696][513]LogWorld: Game class is 'GameBlueprint_C'
[2015.02.17-01.58.37:699][513]LogAIModule: Creating AISystem for world My2DMap
[2015.02.17-01.58.37:724][513]LogWorld: Bringing World /Game/UEDPIE_0_My2DMap.My2DMap up for play (max tick rate 0) at 2015.02.16-15.58.37
[2015.02.17-01.58.37:775][513]LogWorld: Bringing up level for play took: 0.075036
[2015.02.17-01.58.37:787][513]PIE: Info Play in editor start time for /Game/UEDPIE_0_My2DMap 0.608
[2015.02.17-01.58.37:823][513]LogRenderer:Warning: Reallocating scene render targets to support 1296x728 (Frame:207).
[2015.02.17-01.59.05:418][ 10]LogParticles: Destroying 0 GPU particle simulations for FXSystem 0x000000B66C0DDB20
[2015.02.17-01.59.24:135][224]LogPlayLevel: PIE:  No blueprints needed recompiling
[2015.02.17-01.59.24:135][224]PIE: New page: PIE session: My2DMap (Feb 16, 2015, 5:59:24 AM)
[2015.02.17-01.59.24:139][224]LogPlayLevel: PIE: StaticDuplicateObject took: (0.003673s)
[2015.02.17-01.59.24:140][224]LogPlayLevel: PIE: World Init took: (0.000618s)
[2015.02.17-01.59.24:140][224]LogPlayLevel: PIE: Created PIE world by copying editor world from /Game/My2DMap.My2DMap to /Game/UEDPIE_0_My2DMap.My2DMap (0.004472s)
[2015.02.17-01.59.24:183][224]LogWorld: Game class is 'GameBlueprint_C'
[2015.02.17-01.59.24:186][224]LogAIModule: Creating AISystem for world My2DMap
[2015.02.17-01.59.24:219][224]LogWorld: Bringing World /Game/UEDPIE_0_My2DMap.My2DMap up for play (max tick rate 0) at 2015.02.16-15.59.24
[2015.02.17-01.59.24:286][224]LogWorld: Bringing up level for play took: 0.098481
[2015.02.17-01.59.24:299][224]PIE: Info Play in editor start time for /Game/UEDPIE_0_My2DMap 1.119
[2015.02.17-01.59.30:637][547]LogParticles: Destroying 0 GPU particle simulations for FXSystem 0x000000B66AB4AD40
[2015.02.17-02.06.33:789][974]Cmd: QUIT_EDITOR
[2015.02.17-02.06.34:024][974]LogExit: Preparing to exit.
[2015.02.17-02.06.34:850][974]LogExit: Editor shut down
[2015.02.17-02.06.34:851][974]LogExit: Transaction tracking system shut down
[2015.02.17-02.06.34:853][974]LogParticles: Destroying 0 GPU particle simulations for FXSystem 0x000000B675D220C0
[2015.02.17-02.06.34:853][974]LogParticles: Destroying 0 GPU particle simulations for FXSystem 0x000000B676324A40
[2015.02.17-02.06.34:854][974]LogParticles: Destroying 0 GPU particle simulations for FXSystem 0x000000B67C6EC540
[2015.02.17-02.06.34:873][974]LogExit: Object subsystem successfully closed.
[2015.02.17-02.06.34:972][974]LogModuleManager: Shutting down and abandoning module CrashTracker (177)
[2015.02.17-02.06.34:972][974]LogModuleManager: Shutting down and abandoning module SuperSearch (176)
[2015.02.17-02.06.34:972][974]LogModuleManager: Shutting down and abandoning module SceneOutliner (175)
[2015.02.17-02.06.34:972][974]LogModuleManager: Shutting down and abandoning module EditorWidgets (174)
[2015.02.17-02.06.34:972][974]LogModuleManager: Shutting down and abandoning module CollectionManager (173)
[2015.02.17-02.06.34:972][974]LogModuleManager: Shutting down and abandoning module StatsViewer (172)
[2015.02.17-02.06.34:972][974]LogModuleManager: Shutting down and abandoning module FoliageEdit (171)
[2015.02.17-02.06.34:972][974]LogModuleManager: Shutting down and abandoning module LandscapeEditor (170)
[2015.02.17-02.06.34:972][974]LogModuleManager: Shutting down and abandoning module MeshPaint (169)
[2015.02.17-02.06.34:972][974]LogModuleManager: Shutting down and abandoning module ActorPickerMode (168)
[2015.02.17-02.06.34:972][974]LogModuleManager: Shutting down and abandoning module GeometryMode (167)
[2015.02.17-02.06.34:972][974]LogModuleManager: Shutting down and abandoning module TextureAlignMode (166)
[2015.02.17-02.06.34:972][974]LogModuleManager: Shutting down and abandoning module BspMode (165)
[2015.02.17-02.06.34:972][974]LogModuleManager: Shutting down and abandoning module PlacementMode (164)
[2015.02.17-02.06.34:972][974]LogModuleManager: Shutting down and abandoning module AutomationWorker (163)
[2015.02.17-02.06.34:972][974]LogModuleManager: Shutting down and abandoning module CharacterAI (162)
[2015.02.17-02.06.34:972][974]LogModuleManager: Shutting down and abandoning module SmartSnapping (161)
[2015.02.17-02.06.34:972][974]LogModuleManager: Shutting down and abandoning module ViewportSnapping (160)
[2015.02.17-02.06.34:972][974]LogModuleManager: Shutting down and abandoning module LogVisualizer (159)
[2015.02.17-02.06.34:972][974]LogModuleManager: Shutting down and abandoning module GameProjectGeneration (158)
[2015.02.17-02.06.34:972][974]LogModuleManager: Shutting down and abandoning module IntroTutorials (157)
[2015.02.17-02.06.34:972][974]LogModuleManager: Shutting down and abandoning module EditorLiveStreaming (156)
[2015.02.17-02.06.34:972][974]LogModuleManager: Shutting down and abandoning module HardwareTargeting (155)
[2015.02.17-02.06.34:973][974]LogModuleManager: Shutting down and abandoning module DeviceProfileEditor (154)
[2015.02.17-02.06.34:973][974]LogModuleManager: Shutting down and abandoning module UndoHistory (153)
[2015.02.17-02.06.34:973][974]LogModuleManager: Shutting down and abandoning module GameplayTagsEditor (152)
[2015.02.17-02.06.34:973][974]LogModuleManager: Shutting down and abandoning module UserFeedback (151)
[2015.02.17-02.06.34:973][974]LogModuleManager: Shutting down and abandoning module XmlParser (150)
[2015.02.17-02.06.34:973][974]LogModuleManager: Shutting down and abandoning module Blutility (149)
[2015.02.17-02.06.34:973][974]LogModuleManager: Shutting down and abandoning module IOSPlatformEditor (148)
[2015.02.17-02.06.34:973][974]LogModuleManager: Shutting down and abandoning module IOSRuntimeSettings (147)
[2015.02.17-02.06.34:973][974]LogModuleManager: Shutting down and abandoning module AndroidDeviceDetection (146)
[2015.02.17-02.06.35:647][974]LogModuleManager: Shutting down and abandoning module AndroidPlatformEditor (145)
[2015.02.17-02.06.35:647][974]LogModuleManager: Shutting down and abandoning module AndroidRuntimeSettings (144)
[2015.02.17-02.06.35:647][974]LogModuleManager: Shutting down and abandoning module ProjectTargetPlatformEditor (143)
[2015.02.17-02.06.35:647][974]LogModuleManager: Shutting down and abandoning module ProjectSettingsViewer (142)
[2015.02.17-02.06.35:647][974]LogModuleManager: Shutting down and abandoning module InputBindingEditor (141)
[2015.02.17-02.06.35:647][974]LogModuleManager: Shutting down and abandoning module EditorSettingsViewer (140)
[2015.02.17-02.06.35:647][974]LogModuleManager: Shutting down and abandoning module SettingsEditor (139)
[2015.02.17-02.06.35:647][974]LogModuleManager: Shutting down and abandoning module ProjectLauncher (138)
[2015.02.17-02.06.35:647][974]LogModuleManager: Shutting down and abandoning module SessionFrontend (137)
[2015.02.17-02.06.35:647][974]LogModuleManager: Shutting down and abandoning module ProfilerClient (136)
[2015.02.17-02.06.35:647][974]LogModuleManager: Shutting down and abandoning module TargetDeviceServices (135)
[2015.02.17-02.06.35:647][974]LogModuleManager: Shutting down and abandoning module DeviceManager (134)
[2015.02.17-02.06.35:647][974]LogModuleManager: Shutting down and abandoning module AutomationController (133)
[2015.02.17-02.06.35:647][974]LogModuleManager: Shutting down and abandoning module AutomationWindow (132)
[2015.02.17-02.06.35:647][974]LogModuleManager: Shutting down and abandoning module Layers (131)
[2015.02.17-02.06.35:647][974]LogModuleManager: Shutting down and abandoning module ComponentVisualizers (130)
[2015.02.17-02.06.35:647][974]LogModuleManager: Shutting down and abandoning module DetailCustomizations (129)
[2015.02.17-02.06.35:648][974]LogModuleManager: Shutting down and abandoning module PackagesDialog (128)
[2015.02.17-02.06.35:648][974]LogModuleManager: Shutting down and abandoning module AssetRegistry (127)
[2015.02.17-02.06.35:725][974]LogModuleManager: Shutting down and abandoning module Persona (126)
[2015.02.17-02.06.35:725][974]LogModuleManager: Shutting down and abandoning module SlateReflector (125)
[2015.02.17-02.06.35:725][974]LogModuleManager: Shutting down and abandoning module LevelEditor (124)
[2015.02.17-02.06.35:726][974]LogModuleManager: Shutting down and abandoning module Kismet (123)
[2015.02.17-02.06.35:726][974]LogModuleManager: Shutting down and abandoning module GraphEditor (122)
[2015.02.17-02.06.35:727][974]LogModuleManager: Shutting down and abandoning module ClassViewer (121)
[2015.02.17-02.06.35:727][974]LogModuleManager: Shutting down and abandoning module Toolbox (120)
[2015.02.17-02.06.35:727][974]LogModuleManager: Shutting down and abandoning module ModuleUI (119)
[2015.02.17-02.06.35:727][974]LogModuleManager: Shutting down and abandoning module MovieSceneTools (118)
[2015.02.17-02.06.35:727][974]LogModuleManager: Shutting down and abandoning module OutputLog (117)
[2015.02.17-02.06.35:727][974]LogModuleManager: Shutting down and abandoning module GammaUI (116)
[2015.02.17-02.06.35:727][974]LogModuleManager: Shutting down and abandoning module Documentation (115)
[2015.02.17-02.06.35:727][974]LogModuleManager: Shutting down and abandoning module GameLiveStreaming (114)
[2015.02.17-02.06.35:727][974]LogModuleManager: Shutting down and abandoning module StreamingPauseRendering (113)
[2015.02.17-02.06.35:727][974]LogModuleManager: Shutting down and abandoning module HTTP (112)
[2015.02.17-02.06.35:727][974]LogModuleManager: Shutting down and abandoning module AnalyticsET (111)
[2015.02.17-02.06.35:727][974]LogModuleManager: Shutting down and abandoning module Analytics (110)
[2015.02.17-02.06.35:727][974]LogModuleManager: Shutting down and abandoning module AITestSuite (109)
[2015.02.17-02.06.35:727][974]LogModuleManager: Shutting down and abandoning module GameplayDebugger (108)
[2015.02.17-02.06.35:727][974]LogModuleManager: Shutting down and abandoning module AIModule (107)
[2015.02.17-02.06.35:727][974]LogModuleManager: Shutting down and abandoning module ProfilerService (106)
[2015.02.17-02.06.35:852][974]LogModuleManager: Shutting down and abandoning module TaskGraph (105)
[2015.02.17-02.06.35:852][974]LogModuleManager: Shutting down and abandoning module SlateRemote (104)
[2015.02.17-02.06.35:852][974]LogModuleManager: Shutting down and abandoning module ScriptEditorPlugin (103)
[2015.02.17-02.06.35:852][974]LogModuleManager: Shutting down and abandoning module CustomMeshComponent (102)
[2015.02.17-02.06.35:852][974]LogModuleManager: Shutting down and abandoning module CableComponent (101)
[2015.02.17-02.06.35:852][974]LogModuleManager: Shutting down and abandoning module MessagingDebugger (100)
[2015.02.17-02.06.35:852][974]LogModuleManager: Shutting down and abandoning module MediaPlayerEditor (99)
[2015.02.17-02.06.35:852][974]LogModuleManager: Shutting down and abandoning module SpeedTreeImporter (98)
[2015.02.17-02.06.35:852][974]LogModuleManager: Shutting down and abandoning module PluginsEditor (97)
[2015.02.17-02.06.35:852][974]LogModuleManager: Shutting down and abandoning module MainFrame (96)
[2015.02.17-02.06.35:852][974]LogModuleManager: Shutting down and abandoning module EpicSurvey (95)
[2015.02.17-02.06.35:852][974]LogModuleManager: Shutting down and abandoning module DesktopPlatform (94)
[2015.02.17-02.06.35:852][974]LogModuleManager: Shutting down and abandoning module DirectoryWatcher (93)
[2015.02.17-02.06.35:852][974]LogModuleManager: Shutting down and abandoning module HotReload (92)
[2015.02.17-02.06.35:852][974]LogModuleManager: Shutting down and abandoning module VisualStudioSourceCodeAccess (91)
[2015.02.17-02.06.35:852][974]LogModuleManager: Shutting down and abandoning module UObjectPlugin (90)
[2015.02.17-02.06.35:852][974]LogModuleManager: Shutting down and abandoning module SubversionSourceControl (89)
[2015.02.17-02.06.35:852][974]LogModuleManager: Shutting down and abandoning module PerforceSourceControl (88)
[2015.02.17-02.06.35:852][974]LogModuleManager: Shutting down and abandoning module SourceControl (87)
[2015.02.17-02.06.35:852][974]LogModuleManager: Shutting down and abandoning module GitSourceControl (86)
[2015.02.17-02.06.35:853][974]LogModuleManager: Shutting down and abandoning module BlankPlugin (85)
[2015.02.17-02.06.35:853][974]LogModuleManager: Shutting down and abandoning module PaperTiledImporter (84)
[2015.02.17-02.06.35:853][974]LogModuleManager: Shutting down and abandoning module PaperJsonImporter (83)
[2015.02.17-02.06.35:853][974]LogModuleManager: Shutting down and abandoning module ContentBrowser (82)
[2015.02.17-02.06.35:853][974]LogModuleManager: Shutting down and abandoning module Paper2DEditor (81)
[2015.02.17-02.06.35:853][974]LogModuleManager: Shutting down and abandoning module ScriptPlugin (80)
[2015.02.17-02.06.35:853][974]LogModuleManager: Shutting down and abandoning module UdpMessaging (79)
[2015.02.17-02.06.35:955][974]LogModuleManager: Shutting down and abandoning module Paper2D (78)
[2015.02.17-02.06.35:955][974]LogModuleManager: Shutting down and abandoning module WindowsMoviePlayer (77)
[2015.02.17-02.06.35:957][974]LogModuleManager: Shutting down and abandoning module Media (76)
[2015.02.17-02.06.35:957][974]LogModuleManager: Shutting down and abandoning module WmfMedia (75)
[2015.02.17-02.06.35:957][974]LogModuleManager: Shutting down and abandoning module OnlineBlueprintSupport (74)
[2015.02.17-02.06.35:957][974]LogModuleManager: Shutting down and abandoning module PropertyEditor (73)
[2015.02.17-02.06.35:957][974]LogModuleManager: Shutting down and abandoning module BehaviorTreeEditor (72)
[2015.02.17-02.06.35:957][974]LogModuleManager: Shutting down and abandoning module FunctionalTesting (71)
[2015.02.17-02.06.35:957][974]LogModuleManager: Shutting down and abandoning module CollisionAnalyzer (70)
[2015.02.17-02.06.35:957][974]LogModuleManager: Shutting down and abandoning module WorkspaceMenuStructure (69)
[2015.02.17-02.06.35:957][974]LogModuleManager: Shutting down and abandoning module MessageLog (68)
[2015.02.17-02.06.35:957][974]LogModuleManager: Shutting down and abandoning module Sequencer (67)
[2015.02.17-02.06.35:957][974]LogModuleManager: Shutting down and abandoning module AssetTools (66)
[2015.02.17-02.06.35:957][974]LogModuleManager: Shutting down and abandoning module UMGEditor (65)
[2015.02.17-02.06.35:957][974]LogModuleManager: Shutting down and abandoning module UMG (64)
[2015.02.17-02.06.35:957][974]LogModuleManager: Shutting down and abandoning module Slate (63)
[2015.02.17-02.06.35:957][974]LogModuleManager: Shutting down and abandoning module EditorStyle (62)
[2015.02.17-02.06.35:966][974]LogModuleManager: Shutting down and abandoning module SessionServices (61)
[2015.02.17-02.06.35:966][974]LogModuleManager: Shutting down and abandoning module SourceCodeAccess (60)
[2015.02.17-02.06.35:966][974]LogModuleManager: Shutting down and abandoning module HeadMountedDisplay (59)
[2015.02.17-02.06.35:966][974]LogModuleManager: Shutting down and abandoning module XAudio2 (58)
[2015.02.17-02.06.35:966][974]LogModuleManager: Shutting down and abandoning module Networking (56)
[2015.02.17-02.06.35:966][974]LogModuleManager: Shutting down and abandoning module Core (55)
[2015.02.17-02.06.35:966][974]LogModuleManager: Shutting down and abandoning module KismetCompiler (54)
[2015.02.17-02.06.35:966][974]LogModuleManager: Shutting down and abandoning module PhysXFormats (53)
[2015.02.17-02.06.35:966][974]LogModuleManager: Shutting down and abandoning module MeshUtilities (52)
[2015.02.17-02.06.35:966][974]LogModuleManager: Shutting down and abandoning module DerivedDataCache (51)
[2015.02.17-02.06.35:993][974]LogDerivedDataCache: Shutdown
[2015.02.17-02.06.35:993][974]LogModuleManager: Shutting down and abandoning module ShaderFormatOpenGL (50)
[2015.02.17-02.06.35:993][974]LogModuleManager: Shutting down and abandoning module ShaderFormatD3D (49)
[2015.02.17-02.06.35:993][974]LogModuleManager: Shutting down and abandoning module MetalShaderFormat (48)
[2015.02.17-02.06.35:993][974]LogModuleManager: Shutting down and abandoning module TextureFormatUncompressed (47)
[2015.02.17-02.06.35:993][974]LogModuleManager: Shutting down and abandoning module TextureFormatPVR (46)
[2015.02.17-02.06.35:993][974]LogModuleManager: Shutting down and abandoning module TextureFormatIntelISPCTexComp (45)
[2015.02.17-02.06.35:993][974]LogModuleManager: Shutting down and abandoning module TextureFormatDXT (44)
[2015.02.17-02.06.35:993][974]LogModuleManager: Shutting down and abandoning module ImageWrapper (43)
[2015.02.17-02.06.35:993][974]LogModuleManager: Shutting down and abandoning module TextureFormatASTC (42)
[2015.02.17-02.06.35:993][974]LogModuleManager: Shutting down and abandoning module TextureFormatAndroid (41)
[2015.02.17-02.06.35:993][974]LogModuleManager: Shutting down and abandoning module AudioFormatOpus (40)
[2015.02.17-02.06.35:993][974]LogModuleManager: Shutting down and abandoning module AudioFormatOgg (39)
[2015.02.17-02.06.35:993][974]LogModuleManager: Shutting down and abandoning module AudioFormatADPCM (38)
[2015.02.17-02.06.35:993][974]LogModuleManager: Shutting down and abandoning module LinuxTargetPlatform (37)
[2015.02.17-02.06.35:993][974]LogModuleManager: Shutting down and abandoning module LinuxServerTargetPlatform (36)
[2015.02.17-02.06.35:993][974]LogModuleManager: Shutting down and abandoning module LinuxNoEditorTargetPlatform (35)
[2015.02.17-02.06.35:993][974]LogModuleManager: Shutting down and abandoning module Messaging (34)
[2015.02.17-02.06.35:993][974]LogModuleManager: Shutting down and abandoning module IOSTargetPlatform (33)
[2015.02.17-02.06.35:993][974]LogModuleManager: Shutting down and abandoning module HTML5TargetPlatform (32)
[2015.02.17-02.06.35:993][974]LogModuleManager: Shutting down and abandoning module Android_PVRTCTargetPlatform (31)
[2015.02.17-02.06.35:993][974]LogModuleManager: Shutting down and abandoning module Android_ETC2TargetPlatform (30)
[2015.02.17-02.06.35:993][974]LogModuleManager: Shutting down and abandoning module Android_ETC1TargetPlatform (29)
[2015.02.17-02.06.35:993][974]LogModuleManager: Shutting down and abandoning module Android_ES31TargetPlatform (28)
[2015.02.17-02.06.35:993][974]LogModuleManager: Shutting down and abandoning module Android_DXTTargetPlatform (27)
[2015.02.17-02.06.35:993][974]LogModuleManager: Shutting down and abandoning module Android_ATCTargetPlatform (26)
[2015.02.17-02.06.35:993][974]LogModuleManager: Shutting down and abandoning module AndroidTargetPlatform (25)
[2015.02.17-02.06.35:993][974]LogModuleManager: Shutting down and abandoning module WindowsTargetPlatform (24)
[2015.02.17-02.06.35:993][974]LogModuleManager: Shutting down and abandoning module WindowsServerTargetPlatform (23)
[2015.02.17-02.06.35:993][974]LogModuleManager: Shutting down and abandoning module WindowsNoEditorTargetPlatform (22)
[2015.02.17-02.06.35:993][974]LogModuleManager: Shutting down and abandoning module WindowsClientTargetPlatform (21)
[2015.02.17-02.06.35:993][974]LogModuleManager: Shutting down and abandoning module TargetPlatform (20)
[2015.02.17-02.06.35:993][974]LogModuleManager: Shutting down and abandoning module InputCore (19)
[2015.02.17-02.06.35:993][974]LogModuleManager: Shutting down and abandoning module Settings (18)
[2015.02.17-02.06.35:993][974]LogModuleManager: Shutting down and abandoning module OnlineSubsystem (16)
[2015.02.17-02.06.35:993][974]LogModuleManager: Shutting down and abandoning module OculusRift (15)
[2015.02.17-02.06.35:993][974]LogModuleManager: Shutting down and abandoning module ExampleDeviceProfileSelector (14)
[2015.02.17-02.06.35:993][974]LogModuleManager: Shutting down and abandoning module TextureCompressor (13)
[2015.02.17-02.06.35:993][974]LogModuleManager: Shutting down and abandoning module ShaderCore (12)
[2015.02.17-02.06.35:993][974]LogModuleManager: Shutting down and abandoning module Landscape (11)
[2015.02.17-02.06.35:993][974]LogModuleManager: Shutting down and abandoning module SlateRHIRenderer (10)
[2015.02.17-02.06.35:995][974]LogModuleManager: Shutting down and abandoning module OpenGLDrv (9)
[2015.02.17-02.06.35:995][974]LogModuleManager: Shutting down and abandoning module D3D11RHI (8)
[2015.02.17-02.06.35:995][974]LogModuleManager: Shutting down and abandoning module Renderer (7)
[2015.02.17-02.06.35:995][974]LogModuleManager: Shutting down and abandoning module Engine (6)
[2015.02.17-02.06.35:995][974]LogModuleManager: Shutting down and abandoning module CoreUObject (5)
[2015.02.17-02.06.35:995][974]LogModuleManager: Shutting down and abandoning module NetworkFile (4)
[2015.02.17-02.06.35:995][974]LogModuleManager: Shutting down and abandoning module StreamingFile (3)
[2015.02.17-02.06.35:995][974]LogModuleManager: Shutting down and abandoning module SandboxFile (2)
[2015.02.17-02.06.35:995][974]LogModuleManager: Shutting down and abandoning module PakFile (1)
[2015.02.17-02.06.35:995][974]LogExit: Exiting.
[2015.02.17-02.06.36:018][974]Log file closed, 02/16/15 16:06:36
